{
  "RSpec": {
    "coverage": {
      "/Users/astarte/MAcourse/boris-bikes/spec/docking_station_spec.rb": [
        1,
        null,
        1,
        12,
        12,
        null,
        1,
        11,
        11,
        11,
        null,
        null,
        1,
        7,
        null,
        null,
        1,
        4,
        null,
        null,
        2,
        2,
        null,
        1,
        1,
        2,
        0,
        null,
        null,
        1,
        1,
        1,
        1,
        null,
        null,
        null,
        1,
        1,
        1,
        0,
        0,
        null,
        null,
        1,
        2,
        null,
        null,
        1,
        1,
        0,
        0,
        null,
        null,
        null,
        null,
        1,
        1,
        1,
        null,
        null,
        1,
        2,
        0,
        null,
        null,
        null,
        1,
        1,
        2,
        null,
        1,
        0,
        null,
        1,
        0,
        0,
        0,
        null,
        null,
        null
      ],
      "/Users/astarte/MAcourse/boris-bikes/lib/docking_station.rb": [
        1,
        null,
        null,
        1,
        1,
        1,
        1,
        1,
        null,
        1,
        11,
        11,
        11,
        null,
        null,
        1,
        1,
        0,
        0,
        null,
        null,
        1,
        7,
        null,
        null,
        1,
        0,
        null,
        null,
        1,
        null,
        1,
        null,
        1,
        0,
        0,
        0,
        0,
        null,
        0,
        null,
        null,
        null,
        1,
        1,
        null,
        null,
        1,
        0,
        null,
        null,
        1,
        1,
        null,
        null,
        1,
        0,
        null,
        null
      ],
      "/Users/astarte/MAcourse/boris-bikes/lib/bike.rb": [
        null,
        null,
        1,
        1,
        0,
        null,
        null,
        1,
        0,
        null,
        null,
        1,
        0,
        null,
        null,
        1,
        0,
        0,
        null,
        null,
        1,
        0,
        0,
        null,
        null
      ]
    },
    "timestamp": 1510492279
  }
}
